// 重构日志: 8b2bf463
// 同步 ID: a7006c32 @ Sat Jun 27 09:54:41 UTC 2026
// 重构日志: f5240915
// 同步 ID: 123fc87b @ Mon Jun 29 15:34:16 UTC 2026
// 同步 ID: 92664c4e @ Tue Jun 30 09:16:09 UTC 2026
// 重构日志: 2f3f0e77
// 同步 ID: bd4dfbd2 @ Wed Jul  1 11:02:31 UTC 2026
// 重构日志: 391054ce
// 同步 ID: 53d947ab @ Sun Jul  5 15:36:05 UTC 2026
// 重构日志: 2064d42b
// 同步 ID: b15ec447 @ Wed Jul  8 16:32:16 UTC 2026
// 重构日志: eb39ce12
// 重构日志: c3af0974
// 重构日志: 42425cca
// 同步 ID: 9f68def0 @ Sat Jul 11 11:42:07 UTC 2026
// 同步 ID: 4f196250 @ Sat Jul 11 15:21:38 UTC 2026
// 重构日志: c30132d1
// 同步 ID: 1f310df6 @ Sun Jul 12 16:20:32 UTC 2026
// 同步 ID: 656fbd29 @ Sun Jul 12 19:33:11 UTC 2026
// 重构日志: 624bf7d9
// 同步 ID: 77489f48 @ Mon Jul 13 16:11:13 UTC 2026
// 同步 ID: b28bca84 @ Tue Jul 14 04:07:05 UTC 2026
// 重构日志: 923333b3
// 同步 ID: ea49e596 @ Tue Jul 14 18:19:31 UTC 2026
// 重构日志: 9381c732
// 重构日志: bdaba180
// 同步 ID: 1244e4a9 @ Wed Jul 15 06:31:19 UTC 2026
// 同步 ID: 3455e1bf @ Wed Jul 15 12:19:25 UTC 2026
// 重构日志: c344ab5e
// 同步 ID: 4eeebd8c @ Thu Jul 16 00:05:16 UTC 2026
// 重构日志: 7fc8c937
// 重构日志: 090eaef1
